\BOOKMARK [0][-]{chapter*.1}{Pref\341cio}{}% 1
\BOOKMARK [0][-]{chapter.1}{Princ\355pios de Contagem}{}% 2
\BOOKMARK [1][-]{section.1.1}{Princ\355pio Aditivo e Princ\355pio Multiplicativo}{chapter.1}% 3
\BOOKMARK [1][-]{section.1.2}{Permuta\347\365es Simples}{chapter.1}% 4
\BOOKMARK [1][-]{section.1.3}{Combina\347\365es Simples}{chapter.1}% 5
\BOOKMARK [1][-]{section.1.4}{Exerc\355cios}{chapter.1}% 6
\BOOKMARK [1][-]{section.1.5}{Princ\355pio Aditivo e Princ\355pio Multiplicativo}{chapter.1}% 7
\BOOKMARK [1][-]{section.1.6}{Permuta\347\365es Simples}{chapter.1}% 8
\BOOKMARK [1][-]{section.1.7}{Combina\347\365es Simples}{chapter.1}% 9
\BOOKMARK [1][-]{section.1.8}{Permuta\347\365es Circulares}{chapter.1}% 10
\BOOKMARK [1][-]{section.1.9}{Permuta\347\365es com Repeti\347\365es}{chapter.1}% 11
\BOOKMARK [1][-]{section.1.10}{Combina\347\365es Completas}{chapter.1}% 12
\BOOKMARK [1][-]{section.1.11}{Exerc\355cios}{chapter.1}% 13
\BOOKMARK [1][-]{section.1.12}{Permuta\347\365es Circulares}{chapter.1}% 14
\BOOKMARK [1][-]{section.1.13}{Permuta\347\365es com Repeti\347\365es}{chapter.1}% 15
\BOOKMARK [1][-]{section.1.14}{Combina\347\365es Completas}{chapter.1}% 16
\BOOKMARK [0][-]{chapter.2}{Outros M\351todos de Contagem}{}% 17
\BOOKMARK [1][-]{section.2.1}{Princ\355pio da Inclus\343o-Exclus\343o}{chapter.2}% 18
\BOOKMARK [1][-]{section.2.2}{Permuta\347\365es Ca\363ticas}{chapter.2}% 19
\BOOKMARK [1][-]{section.2.3}{Os Lemas de Kaplansky}{chapter.2}% 20
\BOOKMARK [1][-]{section.2.4}{Princ\355pio da Casa dos Pombos}{chapter.2}% 21
\BOOKMARK [1][-]{section.2.5}{Exerc\355cios}{chapter.2}% 22
\BOOKMARK [1][-]{section.2.6}{Princ\355pio da Inclus\343o-Exclus\343o}{chapter.2}% 23
\BOOKMARK [1][-]{section.2.7}{Permuta\347\365es Ca\363ticas}{chapter.2}% 24
\BOOKMARK [1][-]{section.2.8}{Os Lemas de Kaplansky}{chapter.2}% 25
\BOOKMARK [1][-]{section.2.9}{O Princ\355pio da Casa dos Pombos}{chapter.2}% 26
\BOOKMARK [0][-]{chapter.3}{N\372meros Binomiais}{}% 27
\BOOKMARK [1][-]{section.3.1}{Tri\342ngulo de Pascal}{chapter.3}% 28
\BOOKMARK [1][-]{section.3.2}{Bin\364mio de Newton}{chapter.3}% 29
\BOOKMARK [1][-]{section.3.3}{Polin\364mio de Leibniz}{chapter.3}% 30
\BOOKMARK [1][-]{section.3.4}{Exerc\355cios}{chapter.3}% 31
\BOOKMARK [1][-]{section.3.5}{Tri\342ngulo de Pascal}{chapter.3}% 32
\BOOKMARK [1][-]{section.3.6}{Bin\364mio de Newton}{chapter.3}% 33
\BOOKMARK [1][-]{section.3.7}{Polin\364mio de Leibniz}{chapter.3}% 34
\BOOKMARK [0][-]{chapter.4}{Probabilidade}{}% 35
\BOOKMARK [1][-]{section.4.1}{Espa\347os de Probabilidade}{chapter.4}% 36
\BOOKMARK [1][-]{section.4.2}{Probabilidade Condicional}{chapter.4}% 37
\BOOKMARK [1][-]{section.4.3}{Eventos Independentes}{chapter.4}% 38
\BOOKMARK [1][-]{section.4.4}{Distribui\347\343o Binomial}{chapter.4}% 39
\BOOKMARK [1][-]{section.4.5}{Exerc\355cios}{chapter.4}% 40
\BOOKMARK [1][-]{section.4.6}{Espa\347os de Probabilidade}{chapter.4}% 41
\BOOKMARK [1][-]{section.4.7}{Probabilidade Condicional}{chapter.4}% 42
\BOOKMARK [1][-]{section.4.8}{Eventos Independentes}{chapter.4}% 43
\BOOKMARK [1][-]{section.4.9}{Distribui\347\343o Binomial}{chapter.4}% 44
